Build started 5/30/2015 9:51:30 AM.
     1>Project "C:\Users\b30640\laboper\Demo5\SysCore\Kernel\Kernel.vcxproj" on node 2 (Rebuild target(s)).
     1>ClCompile:
         C:\Program Files (x86)\Microsoft Visual Studio 11.0\VC\bin\CL.exe /c /I..\Include\ /Zi /nologo /W4 /WX- /O2 /Oy- /D ARCH_X86 /X /Gm- /MD /Zp1 /GS- /fp:precise /Zc:wchar_t /Zc:forScope /GR- /FAs /Fa"Debug\\" /Fo"Debug\\" /Fd"Debug\vc110.pdb" /Gd /TP /analyze- /errorReport:prompt /Oy entry.cpp main.cpp
     1>cl : Línea de comandos warning D9025: invalidando '/Oy-' con '/Oy'
         entry.cpp
         main.cpp
         Generando código...
       ResourceCompile:
         C:\Program Files (x86)\Windows Kits\8.0\bin\x86\rc.exe /l"0x0409" /nologo /fo"Debug\Resource.res" Resource.rc 
     1>C:\Program Files (x86)\MSBuild\Microsoft.Cpp\v4.0\V110\Microsoft.CppBuild.targets(1137,5): warning MSB8012: TargetPath(C:\Users\b30640\laboper\Demo5\SysCore\Debug\Kernel.exe) does not match the Linker's OutputFile property value (A:\KRNL32.EXE). This may cause your project to build incorrectly. To correct this, please make sure that $(OutDir), $(TargetName) and $(TargetExt) property values match the value specified in %(Link.OutputFile).
     1>C:\Program Files (x86)\MSBuild\Microsoft.Cpp\v4.0\V110\Microsoft.CppBuild.targets(1139,5): warning MSB8012: TargetName(Kernel) does not match the Linker's OutputFile property value (KRNL32). This may cause your project to build incorrectly. To correct this, please make sure that $(OutDir), $(TargetName) and $(TargetExt) property values match the value specified in %(Link.OutputFile).
       Link:
         C:\Program Files (x86)\Microsoft Visual Studio 11.0\VC\bin\link.exe /ERRORREPORT:PROMPT /OUT:"A:\KRNL32.EXE" /INCREMENTAL:NO /NOLOGO /LIBPATH:..\Lib\ /NODEFAULTLIB /MANIFEST:NO /PDB:"C:\Users\b30640\laboper\Demo5\SysCore\Debug\Kernel.pdb" /MAP:"Kernel.map" /SUBSYSTEM:NATIVE /Driver /OPT:REF /OPT:ICF /TLBID:1 /ENTRY:"kernel_entry" /BASE:"0x100000" /DYNAMICBASE /FIXED:NO /NXCOMPAT /IMPLIB:"C:\Users\b30640\laboper\Demo5\SysCore\Debug\Kernel.lib" /MACHINE:X86 /SAFESEH /ALIGN:512 Debug\Resource.res
         Debug\entry.obj
         Debug\main.obj
         C:\Users\b30640\laboper\Demo5\SysCore\Debug\Lib.lib
     1>Lib.lib(cstd.obj) : warning LNK4254: sección '.CRT' (40000040) combinada en '.data' (C0000040) con atributos diferentes
         Kernel.vcxproj -> C:\Users\b30640\laboper\Demo5\SysCore\Debug\Kernel.exe
     1>Done Building Project "C:\Users\b30640\laboper\Demo5\SysCore\Kernel\Kernel.vcxproj" (Rebuild target(s)).

Build succeeded.

Time Elapsed 00:00:00.31
