Build started 6/6/2015 9:41:11 AM.
     1>Project "C:\Users\b30640\laboper\OS-12\SysCore\Hal\Hal.vcxproj" on node 2 (Build target(s)).
     1>ClCompile:
         C:\Program Files (x86)\Microsoft Visual Studio 11.0\VC\bin\CL.exe /c /I..\Include\ /Zi /nologo /W4 /WX- /O2 /Oy /D ARCH_X86 /X /Gm- /MD /Zp1 /GS- /fp:precise /Zc:wchar_t /Zc:forScope /GR- /Fo"Debug\\" /Fd"Debug\vc110.pdb" /Gd /TP /analyze- /errorReport:prompt cpu.cpp gdt.cpp Hal.cpp idt.cpp pic.cpp pit.cpp
         cpu.cpp
         gdt.cpp
         Hal.cpp
         idt.cpp
         pic.cpp
         pit.cpp
         Generando código...
       Lib:
         C:\Program Files (x86)\Microsoft Visual Studio 11.0\VC\bin\Lib.exe /OUT:"C:\Users\b30640\laboper\OS-12\SysCore\Debug\Hal.lib" /NOLOGO Debug\cpu.obj
         Debug\gdt.obj
         Debug\Hal.obj
         Debug\idt.obj
         Debug\pic.obj
         Debug\pit.obj
         Hal.vcxproj -> C:\Users\b30640\laboper\OS-12\SysCore\Debug\Hal.lib
     1>Done Building Project "C:\Users\b30640\laboper\OS-12\SysCore\Hal\Hal.vcxproj" (Build target(s)).

Build succeeded.

Time Elapsed 00:00:00.40
