Build started 6/6/2015 10:33:54 AM.
     1>Project "C:\Users\b30640\laboper\OS-12\SysCore\Kernel\Kernel.vcxproj" on node 2 (Build target(s)).
     1>ClCompile:
         C:\Program Files (x86)\Microsoft Visual Studio 11.0\VC\bin\CL.exe /c /I..\Include\ /nologo /W4 /WX- /O2 /Oy /D ARCH_X86 /X /GF- /Gm- /MD /Zp1 /GS- /fp:precise /Zc:wchar_t /Zc:forScope /GR- /Fo"Debug\\" /Fd"Debug\vc110.pdb" /Gd /TP /analyze- /errorReport:prompt /Oy mmngr_phys.cpp
         mmngr_phys.cpp
     1>mmngr_phys.cpp(94): warning C4800: 'uint32_t' : forzando el valor a bool 'true' o 'false' (advertencia de rendimiento)
     1>C:\Program Files (x86)\MSBuild\Microsoft.Cpp\v4.0\V110\Microsoft.CppBuild.targets(1137,5): warning MSB8012: TargetPath(C:\Users\b30640\laboper\OS-12\SysCore\Debug\Kernel.exe) does not match the Linker's OutputFile property value (A:\KRNL32.EXE). This may cause your project to build incorrectly. To correct this, please make sure that $(OutDir), $(TargetName) and $(TargetExt) property values match the value specified in %(Link.OutputFile).
     1>C:\Program Files (x86)\MSBuild\Microsoft.Cpp\v4.0\V110\Microsoft.CppBuild.targets(1139,5): warning MSB8012: TargetName(Kernel) does not match the Linker's OutputFile property value (KRNL32). This may cause your project to build incorrectly. To correct this, please make sure that $(OutDir), $(TargetName) and $(TargetExt) property values match the value specified in %(Link.OutputFile).
       Link:
         C:\Program Files (x86)\Microsoft Visual Studio 11.0\VC\bin\link.exe /ERRORREPORT:PROMPT /OUT:"A:\KRNL32.EXE" /INCREMENTAL:NO /NOLOGO /LIBPATH:..\Lib\ /NODEFAULTLIB /MANIFEST:NO /PDB:"C:\Users\b30640\laboper\OS-12\SysCore\Debug\Kernel.pdb" /MAP:"Kernel.map" /SUBSYSTEM:NATIVE /Driver /OPT:REF /OPT:ICF /TLBID:1 /ENTRY:"kernel_entry" /BASE:"0xC0000000" /DYNAMICBASE /FIXED:NO /NXCOMPAT /IMPLIB:"C:\Users\b30640\laboper\OS-12\SysCore\Debug\Kernel.lib" /MACHINE:X86 /SAFESEH /ALIGN:512 Debug\Resource.res
         Debug\entry.obj
         Debug\main.obj
         Debug\DebugDisplay.obj
         Debug\exception.obj
         Debug\mmngr_phys.obj
         Debug\mmngr_virtual.obj
         Debug\panic.obj
         Debug\vmmngr_pde.obj
         Debug\vmmngr_pte.obj
         "C:\Users\b30640\laboper\OS-12\SysCore\Debug\Lib.lib"
         "C:\Users\b30640\laboper\OS-12\SysCore\Debug\Hal.lib"
     1>Lib.lib(cstd.obj) : warning LNK4254: sección '.CRT' (40000040) combinada en '.data' (C0000040) con atributos diferentes
         Kernel.vcxproj -> C:\Users\b30640\laboper\OS-12\SysCore\Debug\Kernel.exe
     1>Done Building Project "C:\Users\b30640\laboper\OS-12\SysCore\Kernel\Kernel.vcxproj" (Build target(s)).

Build succeeded.

Time Elapsed 00:00:01.17
