Build started 6/20/2015 9:47:03 AM.
     1>Project "C:\Users\b30640\laboper\demo22\SysCore\Hal\Hal.vcxproj" on node 2 (Build target(s)).
     1>ClCompile:
         C:\Program Files (x86)\Microsoft Visual Studio 11.0\VC\bin\CL.exe /c /I..\Include\ /Zi /nologo /W4 /WX- /Ox /Oy /D ARCH_X86 /X /Gm- /MD /Zp1 /GS- /fp:precise /Zc:wchar_t /Zc:forScope /GR- /Fo"Debug\\" /Fd"Debug\vc110.pdb" /Gd /TP /analyze- /errorReport:prompt cpu.cpp dma.cpp gdt.cpp Hal.cpp idt.cpp pic.cpp pit.cpp
         cpu.cpp
         dma.cpp
     1>dma.cpp(67): warning C4100: 'dma' : parámetro formal sin referencia
     1>dma.cpp(74): warning C4100: 'dma' : parámetro formal sin referencia
     1>dma.cpp(142): warning C4244: 'argumento' : conversión de 'int' a 'unsigned char'; posible pérdida de datos
         gdt.cpp
         Hal.cpp
         idt.cpp
         pic.cpp
         pit.cpp
         Generando código...
       Lib:
         C:\Program Files (x86)\Microsoft Visual Studio 11.0\VC\bin\Lib.exe /OUT:"C:\Users\b30640\laboper\demo22\SysCore\Debug\Hal.lib" /NOLOGO Debug\cpu.obj
         Debug\dma.obj
         Debug\gdt.obj
         Debug\Hal.obj
         Debug\idt.obj
         Debug\pic.obj
         Debug\pit.obj
         Hal.vcxproj -> C:\Users\b30640\laboper\demo22\SysCore\Debug\Hal.lib
     1>Done Building Project "C:\Users\b30640\laboper\demo22\SysCore\Hal\Hal.vcxproj" (Build target(s)).

Build succeeded.

Time Elapsed 00:00:00.48
